mode: set
github.com/Reticent93/Tonic-Massage/internal/handlers/handlers.go:21.47,25.2 1 1
github.com/Reticent93/Tonic-Massage/internal/handlers/handlers.go:28.33,30.2 1 1
github.com/Reticent93/Tonic-Massage/internal/handlers/handlers.go:32.67,35.2 1 1
github.com/Reticent93/Tonic-Massage/internal/handlers/handlers.go:36.68,44.2 3 0
github.com/Reticent93/Tonic-Massage/internal/handlers/handlers.go:46.70,48.2 1 1
github.com/Reticent93/Tonic-Massage/internal/handlers/handlers.go:50.72,52.2 1 1
github.com/Reticent93/Tonic-Massage/internal/handlers/handlers.go:54.70,56.2 1 1
github.com/Reticent93/Tonic-Massage/internal/handlers/handlers.go:58.73,60.2 1 1
github.com/Reticent93/Tonic-Massage/internal/handlers/handlers.go:62.75,64.2 1 1
github.com/Reticent93/Tonic-Massage/internal/handlers/handlers.go:66.79,71.2 3 1
github.com/Reticent93/Tonic-Massage/internal/handlers/handlers.go:79.79,86.16 3 1
github.com/Reticent93/Tonic-Massage/internal/handlers/handlers.go:90.2,91.14 2 1
github.com/Reticent93/Tonic-Massage/internal/handlers/handlers.go:86.16,88.3 1 0
github.com/Reticent93/Tonic-Massage/internal/handlers/handlers.go:94.70,104.2 4 1
github.com/Reticent93/Tonic-Massage/internal/handlers/handlers.go:107.74,109.16 2 1
github.com/Reticent93/Tonic-Massage/internal/handlers/handlers.go:114.2,128.19 6 1
github.com/Reticent93/Tonic-Massage/internal/handlers/handlers.go:139.2,140.62 2 1
github.com/Reticent93/Tonic-Massage/internal/handlers/handlers.go:109.16,112.3 2 0
github.com/Reticent93/Tonic-Massage/internal/handlers/handlers.go:128.19,137.3 4 0
github.com/Reticent93/Tonic-Massage/internal/handlers/handlers.go:144.77,146.9 2 1
github.com/Reticent93/Tonic-Massage/internal/handlers/handlers.go:153.2,159.4 4 0
github.com/Reticent93/Tonic-Massage/internal/handlers/handlers.go:146.9,151.3 4 1
